{
  "RSpec": {
    "coverage": {
      "/Users/KimWilson/Projects/has_belongs/lib/has_belongs.rb": [
        1,
        1,
        1,
        1,
        null,
        null,
        1,
        1,
        1,
        null,
        1,
        1,
        0,
        0,
        0,
        0,
        0,
        0,
        0,
        null,
        null,
        1,
        1,
        0,
        0,
        0,
        0,
        0,
        0,
        null,
        null,
        null,
        null,
        null
      ],
      "/Users/KimWilson/Projects/has_belongs/lib/has_belongs/add.rb": [
        1,
        1,
        null,
        1,
        1,
        null,
        1,
        15,
        15,
        15,
        15,
        null,
        null,
        null,
        1,
        12,
        11,
        11,
        11,
        1,
        null,
        10,
        null,
        null,
        1,
        null,
        null,
        null,
        1,
        9,
        9,
        9,
        54,
        9,
        null,
        null,
        9,
        1,
        null,
        8,
        null,
        null,
        null,
        1,
        5,
        5,
        6,
        31,
        31,
        null,
        6,
        6,
        6,
        null,
        5,
        null,
        null,
        1,
        13,
        13,
        12,
        null,
        11,
        null,
        null,
        null,
        1,
        null,
        1,
        6,
        4,
        4,
        4,
        null,
        4,
        null,
        null,
        null,
        1,
        6,
        3,
        3,
        3,
        3,
        3,
        null,
        3,
        null,
        null,
        null,
        1,
        31,
        6,
        null,
        null,
        null,
        1,
        31,
        4,
        4,
        27,
        3,
        3,
        null,
        null,
        null,
        null,
        null
      ],
      "/Users/KimWilson/Projects/has_belongs/lib/has_belongs/remove.rb": [
        1,
        1,
        null,
        1,
        7,
        7,
        7,
        345,
        15,
        null,
        null,
        7,
        null,
        null,
        null,
        1,
        6,
        6,
        6,
        13,
        65,
        13,
        null,
        6,
        null,
        null,
        1,
        5,
        5,
        5,
        11,
        11,
        11,
        null,
        5,
        null,
        null,
        1,
        4,
        4,
        4,
        null,
        35,
        9,
        4,
        null,
        null,
        4,
        null,
        null,
        1,
        2,
        2,
        2,
        1,
        1,
        1,
        null,
        2,
        null,
        null,
        1,
        1,
        1,
        null,
        1,
        1,
        null,
        0,
        null,
        null,
        null,
        null,
        null,
        null,
        null,
        null,
        null,
        null,
        null,
        null,
        null,
        null,
        null,
        null,
        null,
        null,
        null,
        null,
        null,
        null,
        null,
        null,
        null,
        null,
        null,
        null,
        null,
        null,
        null,
        null,
        null,
        null,
        null,
        null,
        null,
        null,
        null,
        null,
        null,
        null,
        null,
        null,
        null,
        null
      ],
      "/Users/KimWilson/Projects/has_belongs/spec/web_helper.rb": [
        null
      ],
      "/Users/KimWilson/Projects/has_belongs/spec/has_belongs_spec.rb": [
        1,
        null,
        1,
        1,
        1,
        null,
        null,
        null
      ],
      "/Users/KimWilson/Projects/has_belongs/spec/remove_spec.rb": [
        1,
        null,
        1,
        null,
        10,
        null,
        1,
        1,
        null,
        null,
        1,
        1,
        null,
        null,
        1,
        1,
        null,
        null,
        1,
        1,
        null,
        null,
        1,
        1,
        null,
        null,
        1,
        2,
        null,
        null,
        1,
        1,
        null,
        null,
        1,
        1,
        null,
        null,
        1,
        1,
        null,
        null,
        null
      ],
      "/Users/KimWilson/Projects/has_belongs/spec/test_spec.rb": [
        1,
        null,
        1,
        1,
        null,
        1,
        1,
        1,
        null,
        null,
        null,
        null,
        null,
        null,
        null,
        null,
        null,
        null,
        null,
        null,
        null,
        null,
        null,
        null,
        null,
        null,
        null,
        null
      ]
    },
    "timestamp": 1485689278
  }
}
