{
  "RSpec": {
    "coverage": {
      "/Users/mikehurl/Google Drive/Coding/Makers Academy/has_belongs/lib/has_belongs.rb": [
        1,
        1,
        1,
        1,
        null,
        null,
        1,
        1,
        1,
        null,
        1,
        1,
        0,
        0,
        0,
        0,
        0,
        0,
        0,
        null,
        null,
        1,
        1,
        0,
        0,
        0,
        0,
        0,
        0,
        0,
        0,
        null,
        null,
        null,
        null,
        null
      ],
      "/Users/mikehurl/Google Drive/Coding/Makers Academy/has_belongs/lib/has_belongs/search.rb": [
        1,
        1,
        null,
        1,
        1,
        null,
        1,
        15,
        15,
        15,
        15,
        null,
        null,
        null,
        1,
        12,
        11,
        11,
        11,
        1,
        null,
        10,
        null,
        null,
        1,
        null,
        null,
        null,
        1,
        9,
        9,
        9,
        54,
        9,
        null,
        null,
        9,
        1,
        null,
        8,
        null,
        null,
        null,
        1,
        5,
        5,
        6,
        31,
        31,
        null,
        6,
        6,
        6,
        null,
        5,
        null,
        null,
        1,
        13,
        13,
        12,
        null,
        11,
        null,
        null,
        null,
        1,
        null,
        1,
        6,
        4,
        4,
        4,
        null,
        4,
        null,
        null,
        null,
        1,
        6,
        3,
        3,
        3,
        3,
        3,
        null,
        3,
        null,
        null,
        null,
        1,
        31,
        6,
        null,
        null,
        null,
        1,
        31,
        4,
        4,
        27,
        3,
        3,
        null,
        null,
        null,
        null,
        null
      ],
      "/Users/mikehurl/Google Drive/Coding/Makers Academy/has_belongs/lib/has_belongs/remove.rb": [
        1,
        1,
        null,
        1,
        6,
        6,
        6,
        294,
        12,
        null,
        null,
        6,
        null,
        null,
        null,
        1,
        5,
        5,
        5,
        10,
        50,
        10,
        null,
        null,
        5,
        null,
        null,
        1,
        4,
        4,
        4,
        8,
        8,
        8,
        null,
        null,
        4,
        null,
        null,
        1,
        3,
        3,
        3,
        null,
        22,
        6,
        2,
        null,
        null,
        3,
        1,
        null,
        2,
        null,
        null,
        1,
        1,
        1,
        1,
        1,
        1,
        1,
        null,
        1,
        null,
        null,
        1,
        2,
        2,
        2,
        2,
        98,
        98,
        2,
        2,
        2,
        2,
        2,
        null,
        null,
        null,
        2,
        null,
        null,
        1,
        1,
        1,
        1,
        1,
        1,
        1,
        1,
        null,
        null,
        1,
        null,
        null,
        1,
        null,
        1,
        2,
        2,
        8,
        null,
        null,
        2,
        null,
        null,
        null,
        null
      ],
      "/Users/mikehurl/Google Drive/Coding/Makers Academy/has_belongs/spec/web_helper.rb": [
        null
      ],
      "/Users/mikehurl/Google Drive/Coding/Makers Academy/has_belongs/spec/remove_associations_spec.rb": [
        1,
        null,
        1,
        null,
        9,
        null,
        1,
        1,
        null,
        null,
        1,
        1,
        null,
        null,
        1,
        1,
        null,
        null,
        1,
        1,
        null,
        null,
        1,
        2,
        null,
        null,
        1,
        1,
        null,
        null,
        1,
        1,
        null,
        null,
        1,
        1,
        null,
        null,
        null
      ],
      "/Users/mikehurl/Google Drive/Coding/Makers Academy/has_belongs/spec/search_spec.rb": [
        1,
        null,
        null,
        1,
        null,
        16,
        null,
        null,
        1,
        null,
        2,
        null,
        null,
        1,
        2,
        null,
        null,
        1,
        2,
        null,
        null,
        1,
        1,
        null,
        null,
        1,
        1,
        null,
        null,
        1,
        1,
        null,
        null,
        1,
        1,
        null,
        null,
        1,
        1,
        null,
        null,
        1,
        1,
        null,
        null,
        1,
        1,
        null,
        null,
        1,
        1,
        null,
        null,
        1,
        1,
        null,
        null,
        1,
        1,
        null,
        null,
        1,
        1,
        null,
        null,
        1,
        1,
        null,
        null,
        null
      ],
      "/Users/mikehurl/Google Drive/Coding/Makers Academy/has_belongs/spec/test_migrations_spec.rb": [

      ],
      "/Users/mikehurl/Google Drive/Coding/Makers Academy/has_belongs/spec/test_spec.rb": [
        1,
        null,
        1,
        1,
        null,
        1,
        1,
        1,
        null,
        null,
        null,
        null,
        null,
        null,
        null,
        null,
        null,
        null,
        null,
        null,
        null,
        null,
        null,
        null,
        null,
        null,
        null,
        null
      ]
    },
    "timestamp": 1484911298
  }
}
